  AudioPluginUtil.cpp
c:\users\chris\documents\unity3d\trees_final\nativecode\audiopluginutil.cpp(9): warning C4996: 'strcpy': This function or variable may be unsafe. Consider using strcpy_s instead. To disable deprecation, use _CRT_SECURE_NO_WARNINGS. See online help for details.
  c:\program files (x86)\windows kits\10\include\10.0.16299.0\ucrt\string.h(132): note: see declaration of 'strcpy'
c:\users\chris\documents\unity3d\trees_final\nativecode\audiopluginutil.cpp(18): warning C4996: 'vsprintf': This function or variable may be unsafe. Consider using vsprintf_s instead. To disable deprecation, use _CRT_SECURE_NO_WARNINGS. See online help for details.
  c:\program files (x86)\windows kits\10\include\10.0.16299.0\ucrt\stdio.h(1467): note: see declaration of 'vsprintf'
c:\users\chris\documents\unity3d\trees_final\nativecode\audiopluginutil.cpp(29): warning C4018: '<': signed/unsigned mismatch
  c:\users\chris\documents\unity3d\trees_final\nativecode\audiopluginutil.cpp(96): note: see reference to function template instantiation 'void FFTProcess<double>(UnityComplexNumber *,int,bool)' being compiled
c:\users\chris\documents\unity3d\trees_final\nativecode\audiopluginutil.cpp(40): warning C4018: '<': signed/unsigned mismatch
c:\users\chris\documents\unity3d\trees_final\nativecode\audiopluginutil.cpp(53): warning C4018: '<': signed/unsigned mismatch
c:\users\chris\documents\unity3d\trees_final\nativecode\audiopluginutil.cpp(61): warning C4018: '<': signed/unsigned mismatch
c:\users\chris\documents\unity3d\trees_final\nativecode\audiopluginutil.h(76): warning C4244: '=': conversion from 'T' to 'T', possible loss of data
          with
          [
              T=double
          ]
          and
          [
              T=float
          ]
  c:\users\chris\documents\unity3d\trees_final\nativecode\audiopluginutil.cpp(84): note: see reference to function template instantiation 'void UnityComplexNumberT<float>::Sub<float,T,float>(const UnityComplexNumberT<float> &,const UnityComplexNumberT<T> &,UnityComplexNumberT<float> &)' being compiled
          with
          [
              T=double
          ]
  c:\users\chris\documents\unity3d\trees_final\nativecode\audiopluginutil.cpp(84): note: see reference to function template instantiation 'void UnityComplexNumberT<float>::Sub<float,T,float>(const UnityComplexNumberT<float> &,const UnityComplexNumberT<T> &,UnityComplexNumberT<float> &)' being compiled
          with
          [
              T=double
          ]
  c:\users\chris\documents\unity3d\trees_final\nativecode\audiopluginutil.cpp(96): note: see reference to function template instantiation 'void FFTProcess<double>(UnityComplexNumber *,int,bool)' being compiled
c:\users\chris\documents\unity3d\trees_final\nativecode\audiopluginutil.h(77): warning C4244: '=': conversion from 'T' to 'T', possible loss of data
          with
          [
              T=double
          ]
          and
          [
              T=float
          ]
c:\users\chris\documents\unity3d\trees_final\nativecode\audiopluginutil.h(69): warning C4244: '=': conversion from 'T' to 'T', possible loss of data
          with
          [
              T=double
          ]
          and
          [
              T=float
          ]
  c:\users\chris\documents\unity3d\trees_final\nativecode\audiopluginutil.cpp(85): note: see reference to function template instantiation 'void UnityComplexNumberT<float>::Add<float,T,float>(const UnityComplexNumberT<float> &,const UnityComplexNumberT<T> &,UnityComplexNumberT<float> &)' being compiled
          with
          [
              T=double
          ]
  c:\users\chris\documents\unity3d\trees_final\nativecode\audiopluginutil.cpp(85): note: see reference to function template instantiation 'void UnityComplexNumberT<float>::Add<float,T,float>(const UnityComplexNumberT<float> &,const UnityComplexNumberT<T> &,UnityComplexNumberT<float> &)' being compiled
          with
          [
              T=double
          ]
c:\users\chris\documents\unity3d\trees_final\nativecode\audiopluginutil.h(70): warning C4244: '=': conversion from 'T' to 'T', possible loss of data
          with
          [
              T=double
          ]
          and
          [
              T=float
          ]
  hrtftable.cpp
  Plugin_ChannelMonitor.cpp
c:\users\chris\documents\unity3d\trees_final\nativecode\plugin_channelmonitor.cpp(79): warning C4244: 'argument': conversion from 'float' to 'int', possible loss of data
c:\users\chris\documents\unity3d\trees_final\nativecode\plugin_channelmonitor.cpp(105): warning C4244: 'argument': conversion from 'float' to 'int', possible loss of data
c:\users\chris\documents\unity3d\trees_final\nativecode\plugin_channelmonitor.cpp(106): warning C4244: 'argument': conversion from 'float' to 'int', possible loss of data
  Plugin_ConvolutionReverb.cpp
  Plugin_CorrelationMeter.cpp
  Plugin_Equalizer.cpp
  Plugin_Granulator.cpp
c:\users\chris\documents\unity3d\trees_final\nativecode\plugin_granulator.cpp(74): warning C4244: 'initializing': conversion from 'int' to 'float', possible loss of data
c:\users\chris\documents\unity3d\trees_final\nativecode\plugin_granulator.cpp(261): warning C4018: '<': signed/unsigned mismatch
c:\users\chris\documents\unity3d\trees_final\nativecode\plugin_granulator.cpp(281): warning C4244: '=': conversion from 'double' to 'float', possible loss of data
c:\users\chris\documents\unity3d\trees_final\nativecode\plugin_granulator.cpp(303): warning C4018: '<': signed/unsigned mismatch
c:\users\chris\documents\unity3d\trees_final\nativecode\plugin_granulator.cpp(333): warning C4018: '<': signed/unsigned mismatch
c:\users\chris\documents\unity3d\trees_final\nativecode\plugin_granulator.cpp(371): warning C4996: 'strcpy': This function or variable may be unsafe. Consider using strcpy_s instead. To disable deprecation, use _CRT_SECURE_NO_WARNINGS. See online help for details.
  c:\program files (x86)\windows kits\10\include\10.0.16299.0\ucrt\string.h(132): note: see declaration of 'strcpy'
c:\users\chris\documents\unity3d\trees_final\nativecode\plugin_granulator.cpp(383): warning C4244: '=': conversion from 'double' to 'float', possible loss of data
c:\users\chris\documents\unity3d\trees_final\nativecode\plugin_granulator.cpp(408): warning C4390: ';': empty controlled statement found; is this the intent?
  Plugin_ImpactGenerator.cpp
c:\users\chris\documents\unity3d\trees_final\nativecode\plugin_impactgenerator.cpp(100): warning C4244: '=': conversion from 'float' to 'int', possible loss of data
  Plugin_ImpulseGenerator.cpp
  Plugin_Lofinator.cpp
  Plugin_LevelMixer.cpp
  Plugin_LoudnessMeter.cpp
  Plugin_ModalFilter.cpp
  Plugin_Multiband.cpp
c:\users\chris\documents\unity3d\trees_final\nativecode\plugin_multiband.cpp(173): warning C4244: 'argument': conversion from 'int' to 'float', possible loss of data
c:\users\chris\documents\unity3d\trees_final\nativecode\plugin_multiband.cpp(174): warning C4244: 'argument': conversion from 'int' to 'float', possible loss of data
c:\users\chris\documents\unity3d\trees_final\nativecode\plugin_multiband.cpp(175): warning C4244: 'argument': conversion from 'int' to 'float', possible loss of data
c:\users\chris\documents\unity3d\trees_final\nativecode\plugin_multiband.cpp(176): warning C4244: 'argument': conversion from 'int' to 'float', possible loss of data
  Plugin_NoiseBox.cpp
  Plugin_Oscilloscope.cpp
  Plugin_PitchDetector.cpp
  Plugin_RingModulator.cpp
  Plugin_Routing.cpp
  Plugin_Spatializer.cpp
c:\users\chris\documents\unity3d\trees_final\nativecode\plugin_spatializer.cpp(242): warning C4018: '<': signed/unsigned mismatch
  Compiling...
  Plugin_SpatializerReverb.cpp
c:\users\chris\documents\unity3d\trees_final\nativecode\plugin_spatializerreverb.cpp(125): warning C4244: 'argument': conversion from 'int' to 'float', possible loss of data
c:\users\chris\documents\unity3d\trees_final\nativecode\plugin_spatializerreverb.cpp(130): warning C4244: '=': conversion from 'float' to 'int', possible loss of data
c:\users\chris\documents\unity3d\trees_final\nativecode\plugin_spatializerreverb.cpp(140): warning C4244: '*=': conversion from 'float' to 'int', possible loss of data
c:\users\chris\documents\unity3d\trees_final\nativecode\plugin_spatializerreverb.cpp(144): warning C4018: '<': signed/unsigned mismatch
  Plugin_StereoWidener.cpp
  Plugin_Synthesizer.cpp
c:\users\chris\documents\unity3d\trees_final\nativecode\plugin_synthesizer.cpp(222): warning C4244: '=': conversion from 'int' to 'float', possible loss of data
c:\users\chris\documents\unity3d\trees_final\nativecode\plugin_synthesizer.cpp(251): warning C4244: '=': conversion from 'float' to 'UInt32', possible loss of data
c:\users\chris\documents\unity3d\trees_final\nativecode\plugin_synthesizer.cpp(252): warning C4244: '=': conversion from 'float' to 'UInt32', possible loss of data
c:\users\chris\documents\unity3d\trees_final\nativecode\plugin_synthesizer.cpp(253): warning C4244: '=': conversion from 'float' to 'UInt32', possible loss of data
c:\users\chris\documents\unity3d\trees_final\nativecode\plugin_synthesizer.cpp(254): warning C4244: '=': conversion from 'float' to 'UInt32', possible loss of data
c:\users\chris\documents\unity3d\trees_final\nativecode\plugin_synthesizer.cpp(347): warning C4018: '<': signed/unsigned mismatch
c:\users\chris\documents\unity3d\trees_final\nativecode\plugin_synthesizer.cpp(531): warning C4244: 'initializing': conversion from 'UInt64' to 'int', possible loss of data
  Plugin_TeeBee.cpp
  Plugin_TeeDee.cpp
  Plugin_Teleport.cpp
  Plugin_TubeResonator.cpp
  Plugin_Vocoder.cpp
c:\users\chris\documents\unity3d\trees_final\nativecode\plugin_vocoder.cpp(114): warning C4244: 'argument': conversion from 'double' to 'float', possible loss of data
  Plugin_WahWah.cpp
     Creating library C:\Users\Chris\Documents\Unity3D\Trees_Final\NativeCode\VisualStudio\build\Release\AudioPluginDemo.lib and object C:\Users\Chris\Documents\Unity3D\Trees_Final\NativeCode\VisualStudio\build\Release\AudioPluginDemo.exp
  Generating code
  All 422 functions were compiled because no usable IPDB/IOBJ from previous compilation was found.
  Finished generating code
  AudioPluginDemo.vcxproj -> C:\Users\Chris\Documents\Unity3D\Trees_Final\NativeCode\VisualStudio\build\Release\AudioPluginDemo.dll
  A subdirectory or file ..\..\Assets\Plugins\x86 already exists.
          1 file(s) copied.
