c:\users\chris\documents\unity3d\trees_final\nativecode\visualstudio\build\release\audioplugindemo.lib
c:\users\chris\documents\unity3d\trees_final\nativecode\visualstudio\build\release\audioplugindemo.exp
c:\users\chris\documents\unity3d\trees_final\nativecode\visualstudio\build\release\audioplugindemo.ipdb
c:\users\chris\documents\unity3d\trees_final\nativecode\visualstudio\build\release\audioplugindemo.iobj
c:\users\chris\documents\unity3d\trees_final\nativecode\visualstudio\build\release\vc141.pdb
c:\users\chris\documents\unity3d\trees_final\nativecode\visualstudio\build\release\plugin_spatializer.obj
c:\users\chris\documents\unity3d\trees_final\nativecode\visualstudio\build\release\plugin_routing.obj
c:\users\chris\documents\unity3d\trees_final\nativecode\visualstudio\build\release\plugin_ringmodulator.obj
c:\users\chris\documents\unity3d\trees_final\nativecode\visualstudio\build\release\plugin_pitchdetector.obj
c:\users\chris\documents\unity3d\trees_final\nativecode\visualstudio\build\release\plugin_oscilloscope.obj
c:\users\chris\documents\unity3d\trees_final\nativecode\visualstudio\build\release\plugin_noisebox.obj
c:\users\chris\documents\unity3d\trees_final\nativecode\visualstudio\build\release\plugin_multiband.obj
c:\users\chris\documents\unity3d\trees_final\nativecode\visualstudio\build\release\plugin_modalfilter.obj
c:\users\chris\documents\unity3d\trees_final\nativecode\visualstudio\build\release\plugin_loudnessmeter.obj
c:\users\chris\documents\unity3d\trees_final\nativecode\visualstudio\build\release\plugin_levelmixer.obj
c:\users\chris\documents\unity3d\trees_final\nativecode\visualstudio\build\release\plugin_lofinator.obj
c:\users\chris\documents\unity3d\trees_final\nativecode\visualstudio\build\release\plugin_impulsegenerator.obj
c:\users\chris\documents\unity3d\trees_final\nativecode\visualstudio\build\release\plugin_impactgenerator.obj
c:\users\chris\documents\unity3d\trees_final\nativecode\visualstudio\build\release\plugin_granulator.obj
c:\users\chris\documents\unity3d\trees_final\nativecode\visualstudio\build\release\plugin_equalizer.obj
c:\users\chris\documents\unity3d\trees_final\nativecode\visualstudio\build\release\plugin_correlationmeter.obj
c:\users\chris\documents\unity3d\trees_final\nativecode\visualstudio\build\release\plugin_convolutionreverb.obj
c:\users\chris\documents\unity3d\trees_final\nativecode\visualstudio\build\release\plugin_channelmonitor.obj
c:\users\chris\documents\unity3d\trees_final\nativecode\visualstudio\build\release\hrtftable.obj
c:\users\chris\documents\unity3d\trees_final\nativecode\visualstudio\build\release\audiopluginutil.obj
c:\users\chris\documents\unity3d\trees_final\nativecode\visualstudio\build\release\plugin_wahwah.obj
c:\users\chris\documents\unity3d\trees_final\nativecode\visualstudio\build\release\plugin_vocoder.obj
c:\users\chris\documents\unity3d\trees_final\nativecode\visualstudio\build\release\plugin_tuberesonator.obj
c:\users\chris\documents\unity3d\trees_final\nativecode\visualstudio\build\release\plugin_teleport.obj
c:\users\chris\documents\unity3d\trees_final\nativecode\visualstudio\build\release\plugin_teedee.obj
c:\users\chris\documents\unity3d\trees_final\nativecode\visualstudio\build\release\plugin_teebee.obj
c:\users\chris\documents\unity3d\trees_final\nativecode\visualstudio\build\release\plugin_synthesizer.obj
c:\users\chris\documents\unity3d\trees_final\nativecode\visualstudio\build\release\plugin_stereowidener.obj
c:\users\chris\documents\unity3d\trees_final\nativecode\visualstudio\build\release\plugin_spatializerreverb.obj
c:\users\chris\documents\unity3d\trees_final\nativecode\visualstudio\build\release\audioplugindemo.dll
c:\users\chris\documents\unity3d\trees_final\nativecode\visualstudio\build\release\audioplugindemo.pdb
c:\users\chris\documents\unity3d\trees_final\nativecode\visualstudio\build\release\audioplugindemo.tlog\audioplugindemo.write.1u.tlog
c:\users\chris\documents\unity3d\trees_final\nativecode\visualstudio\build\release\audioplugindemo.tlog\cl.command.1.tlog
c:\users\chris\documents\unity3d\trees_final\nativecode\visualstudio\build\release\audioplugindemo.tlog\cl.read.1.tlog
c:\users\chris\documents\unity3d\trees_final\nativecode\visualstudio\build\release\audioplugindemo.tlog\cl.write.1.tlog
c:\users\chris\documents\unity3d\trees_final\nativecode\visualstudio\build\release\audioplugindemo.tlog\link.command.1.tlog
c:\users\chris\documents\unity3d\trees_final\nativecode\visualstudio\build\release\audioplugindemo.tlog\link.delete.1.tlog
c:\users\chris\documents\unity3d\trees_final\nativecode\visualstudio\build\release\audioplugindemo.tlog\link.read.1.tlog
c:\users\chris\documents\unity3d\trees_final\nativecode\visualstudio\build\release\audioplugindemo.tlog\link.write.1.tlog
