c:\users\chris\documents\unity3d\trees_final\nativecode\visualstudio\build\debug\audioplugindemo.lib
c:\users\chris\documents\unity3d\trees_final\nativecode\visualstudio\build\debug\audioplugindemo.exp
c:\users\chris\documents\unity3d\trees_final\nativecode\visualstudio\build\debug\vc141.pdb
c:\users\chris\documents\unity3d\trees_final\nativecode\visualstudio\build\debug\plugin_spatializer.obj
c:\users\chris\documents\unity3d\trees_final\nativecode\visualstudio\build\debug\plugin_routing.obj
c:\users\chris\documents\unity3d\trees_final\nativecode\visualstudio\build\debug\plugin_ringmodulator.obj
c:\users\chris\documents\unity3d\trees_final\nativecode\visualstudio\build\debug\plugin_pitchdetector.obj
c:\users\chris\documents\unity3d\trees_final\nativecode\visualstudio\build\debug\plugin_oscilloscope.obj
c:\users\chris\documents\unity3d\trees_final\nativecode\visualstudio\build\debug\plugin_noisebox.obj
c:\users\chris\documents\unity3d\trees_final\nativecode\visualstudio\build\debug\plugin_multiband.obj
c:\users\chris\documents\unity3d\trees_final\nativecode\visualstudio\build\debug\plugin_modalfilter.obj
c:\users\chris\documents\unity3d\trees_final\nativecode\visualstudio\build\debug\plugin_loudnessmeter.obj
c:\users\chris\documents\unity3d\trees_final\nativecode\visualstudio\build\debug\plugin_levelmixer.obj
c:\users\chris\documents\unity3d\trees_final\nativecode\visualstudio\build\debug\plugin_lofinator.obj
c:\users\chris\documents\unity3d\trees_final\nativecode\visualstudio\build\debug\plugin_impulsegenerator.obj
c:\users\chris\documents\unity3d\trees_final\nativecode\visualstudio\build\debug\plugin_impactgenerator.obj
c:\users\chris\documents\unity3d\trees_final\nativecode\visualstudio\build\debug\plugin_granulator.obj
c:\users\chris\documents\unity3d\trees_final\nativecode\visualstudio\build\debug\plugin_equalizer.obj
c:\users\chris\documents\unity3d\trees_final\nativecode\visualstudio\build\debug\plugin_correlationmeter.obj
c:\users\chris\documents\unity3d\trees_final\nativecode\visualstudio\build\debug\plugin_convolutionreverb.obj
c:\users\chris\documents\unity3d\trees_final\nativecode\visualstudio\build\debug\plugin_channelmonitor.obj
c:\users\chris\documents\unity3d\trees_final\nativecode\visualstudio\build\debug\hrtftable.obj
c:\users\chris\documents\unity3d\trees_final\nativecode\visualstudio\build\debug\audiopluginutil.obj
c:\users\chris\documents\unity3d\trees_final\nativecode\visualstudio\build\debug\plugin_wahwah.obj
c:\users\chris\documents\unity3d\trees_final\nativecode\visualstudio\build\debug\plugin_vocoder.obj
c:\users\chris\documents\unity3d\trees_final\nativecode\visualstudio\build\debug\plugin_tuberesonator.obj
c:\users\chris\documents\unity3d\trees_final\nativecode\visualstudio\build\debug\plugin_teleport.obj
c:\users\chris\documents\unity3d\trees_final\nativecode\visualstudio\build\debug\plugin_teedee.obj
c:\users\chris\documents\unity3d\trees_final\nativecode\visualstudio\build\debug\plugin_teebee.obj
c:\users\chris\documents\unity3d\trees_final\nativecode\visualstudio\build\debug\plugin_synthesizer.obj
c:\users\chris\documents\unity3d\trees_final\nativecode\visualstudio\build\debug\plugin_stereowidener.obj
c:\users\chris\documents\unity3d\trees_final\nativecode\visualstudio\build\debug\plugin_spatializerreverb.obj
c:\users\chris\documents\unity3d\trees_final\nativecode\visualstudio\build\debug\audioplugindemo.ilk
c:\users\chris\documents\unity3d\trees_final\nativecode\visualstudio\build\debug\audioplugindemo.dll
c:\users\chris\documents\unity3d\trees_final\nativecode\visualstudio\build\debug\audioplugindemo.pdb
c:\users\chris\documents\unity3d\trees_final\nativecode\visualstudio\build\debug\audioplugindemo.tlog\audioplugindemo.write.1u.tlog
c:\users\chris\documents\unity3d\trees_final\nativecode\visualstudio\build\debug\audioplugindemo.tlog\cl.command.1.tlog
c:\users\chris\documents\unity3d\trees_final\nativecode\visualstudio\build\debug\audioplugindemo.tlog\cl.read.1.tlog
c:\users\chris\documents\unity3d\trees_final\nativecode\visualstudio\build\debug\audioplugindemo.tlog\cl.write.1.tlog
c:\users\chris\documents\unity3d\trees_final\nativecode\visualstudio\build\debug\audioplugindemo.tlog\link.command.1.tlog
c:\users\chris\documents\unity3d\trees_final\nativecode\visualstudio\build\debug\audioplugindemo.tlog\link.read.1.tlog
c:\users\chris\documents\unity3d\trees_final\nativecode\visualstudio\build\debug\audioplugindemo.tlog\link.write.1.tlog
